[20-Feb-2021 15:53:52 UTC] Array
(
    [game] => Array
        (
            [euid] => 0
            [map] => 
            [date] => 1970-01-01
            [server] => 
            [timelimit] => 
            [duration] => 
            [redname] => 
            [redscore] => 
            [bluename] => 
            [bluescore] => 
            [previous_score] => Array
                (
                    [1] => 0
                    [2] => 0
                )

        )

    [playergame] => 
)

